<?xml version="1.0" encoding="UTF-8"?>
<testng-results ignored="0" total="1" passed="1" failed="0" skipped="0">
  <reporter-output>
  </reporter-output>
  <suite started-at="2023-02-15T14:22:14 IST" name="Default suite" finished-at="2023-02-15T14:23:44 IST" duration-ms="89925">
    <groups>
    </groups>
    <test started-at="2023-02-15T14:22:14 IST" name="Default test" finished-at="2023-02-15T14:23:44 IST" duration-ms="89925">
      <class name="products_module_Test.CreateProductByVendorDetails">
        <test-method is-config="true" signature="bsConfig()[pri:0, instance:products_module_Test.CreateProductByVendorDetails@1ffaf86]" started-at="2023-02-15T14:22:13 IST" name="bsConfig" finished-at="2023-02-15T14:22:14 IST" duration-ms="735" status="PASS">
          <reporter-output>
          </reporter-output>
        </test-method> <!-- bsConfig -->
        <test-method is-config="true" signature="bcConfiguration()[pri:0, instance:products_module_Test.CreateProductByVendorDetails@1ffaf86]" started-at="2023-02-15T14:22:14 IST" name="bcConfiguration" finished-at="2023-02-15T14:22:22 IST" duration-ms="8384" status="PASS">
          <reporter-output>
          </reporter-output>
        </test-method> <!-- bcConfiguration -->
        <test-method is-config="true" signature="bmConfig()[pri:0, instance:products_module_Test.CreateProductByVendorDetails@1ffaf86]" started-at="2023-02-15T14:22:22 IST" name="bmConfig" finished-at="2023-02-15T14:22:36 IST" duration-ms="14178" status="PASS">
          <reporter-output>
          </reporter-output>
        </test-method> <!-- bmConfig -->
        <test-method signature="createProductByVendorDetails()[pri:0, instance:products_module_Test.CreateProductByVendorDetails@1ffaf86]" started-at="2023-02-15T14:22:36 IST" name="createProductByVendorDetails" finished-at="2023-02-15T14:23:42 IST" duration-ms="65577" status="PASS">
          <reporter-output>
          </reporter-output>
        </test-method> <!-- createProductByVendorDetails -->
        <test-method is-config="true" signature="amConfig()[pri:0, instance:products_module_Test.CreateProductByVendorDetails@1ffaf86]" started-at="2023-02-15T14:23:42 IST" name="amConfig" finished-at="2023-02-15T14:23:42 IST" duration-ms="160" status="PASS">
          <reporter-output>
          </reporter-output>
        </test-method> <!-- amConfig -->
        <test-method is-config="true" signature="acConfig()[pri:0, instance:products_module_Test.CreateProductByVendorDetails@1ffaf86]" started-at="2023-02-15T14:23:42 IST" name="acConfig" finished-at="2023-02-15T14:23:44 IST" duration-ms="1540" status="PASS">
          <reporter-output>
          </reporter-output>
        </test-method> <!-- acConfig -->
        <test-method is-config="true" signature="asConfig()[pri:0, instance:products_module_Test.CreateProductByVendorDetails@1ffaf86]" started-at="2023-02-15T14:23:44 IST" name="asConfig" finished-at="2023-02-15T14:23:44 IST" duration-ms="15" status="PASS">
          <reporter-output>
          </reporter-output>
        </test-method> <!-- asConfig -->
      </class> <!-- products_module_Test.CreateProductByVendorDetails -->
    </test> <!-- Default test -->
  </suite> <!-- Default suite -->
</testng-results>
