<?xml version="1.0" encoding="UTF-8"?>
<testng-results ignored="2" total="4" passed="2" failed="0" skipped="0">
  <reporter-output>
  </reporter-output>
  <suite started-at="2023-02-17T14:47:35 IST" name="Suite" finished-at="2023-02-17T14:48:11 IST" duration-ms="36832">
    <groups>
    </groups>
    <test started-at="2023-02-17T14:47:35 IST" name="Test" finished-at="2023-02-17T14:48:11 IST" duration-ms="36832">
      <class name="products_module_Test.CreateProductByVendorDetailsTest">
        <test-method is-config="true" signature="bcConfiguration()[pri:0, instance:products_module_Test.CreateProductByVendorDetailsTest@17f62e33]" started-at="2023-02-17T14:47:50 IST" name="bcConfiguration" finished-at="2023-02-17T14:47:52 IST" duration-ms="1921" status="PASS">
          <reporter-output>
          </reporter-output>
        </test-method> <!-- bcConfiguration -->
        <test-method is-config="true" signature="bmConfig()[pri:0, instance:products_module_Test.CreateProductByVendorDetailsTest@17f62e33]" started-at="2023-02-17T14:47:52 IST" name="bmConfig" finished-at="2023-02-17T14:47:54 IST" duration-ms="2588" status="PASS">
          <reporter-output>
          </reporter-output>
        </test-method> <!-- bmConfig -->
        <test-method signature="createProductByVendorDetailsTest()[pri:0, instance:products_module_Test.CreateProductByVendorDetailsTest@17f62e33]" started-at="2023-02-17T14:47:54 IST" name="createProductByVendorDetailsTest" finished-at="2023-02-17T14:48:11 IST" duration-ms="16439" status="PASS">
          <reporter-output>
          </reporter-output>
        </test-method> <!-- createProductByVendorDetailsTest -->
        <test-method is-config="true" signature="amConfig()[pri:0, instance:products_module_Test.CreateProductByVendorDetailsTest@17f62e33]" started-at="2023-02-17T14:48:11 IST" name="amConfig" finished-at="2023-02-17T14:48:11 IST" duration-ms="149" status="PASS">
          <reporter-output>
          </reporter-output>
        </test-method> <!-- amConfig -->
        <test-method is-config="true" signature="acConfig()[pri:0, instance:products_module_Test.CreateProductByVendorDetailsTest@17f62e33]" started-at="2023-02-17T14:48:11 IST" name="acConfig" finished-at="2023-02-17T14:48:11 IST" duration-ms="509" status="PASS">
          <reporter-output>
          </reporter-output>
        </test-method> <!-- acConfig -->
      </class> <!-- products_module_Test.CreateProductByVendorDetailsTest -->
      <class name="lead_module_Test.CreateLeadTest">
        <test-method is-config="true" signature="bsConfig()[pri:0, instance:lead_module_Test.CreateLeadTest@2eae8e6e]" started-at="2023-02-17T14:47:34 IST" name="bsConfig" finished-at="2023-02-17T14:47:35 IST" duration-ms="199" status="PASS">
          <reporter-output>
          </reporter-output>
        </test-method> <!-- bsConfig -->
        <test-method is-config="true" signature="bcConfiguration()[pri:0, instance:lead_module_Test.CreateLeadTest@2eae8e6e]" started-at="2023-02-17T14:47:35 IST" name="bcConfiguration" finished-at="2023-02-17T14:47:38 IST" duration-ms="3029" status="PASS">
          <reporter-output>
          </reporter-output>
        </test-method> <!-- bcConfiguration -->
        <test-method is-config="true" signature="bmConfig()[pri:0, instance:lead_module_Test.CreateLeadTest@2eae8e6e]" started-at="2023-02-17T14:47:38 IST" name="bmConfig" finished-at="2023-02-17T14:47:40 IST" duration-ms="2336" status="PASS">
          <reporter-output>
          </reporter-output>
        </test-method> <!-- bmConfig -->
        <test-method signature="toCreateALeadAndToVerifyTheLead()[pri:0, instance:lead_module_Test.CreateLeadTest@2eae8e6e]" started-at="2023-02-17T14:47:40 IST" name="toCreateALeadAndToVerifyTheLead" finished-at="2023-02-17T14:47:49 IST" duration-ms="9189" status="PASS">
          <reporter-output>
          </reporter-output>
        </test-method> <!-- toCreateALeadAndToVerifyTheLead -->
        <test-method is-config="true" signature="amConfig()[pri:0, instance:lead_module_Test.CreateLeadTest@2eae8e6e]" started-at="2023-02-17T14:47:49 IST" name="amConfig" finished-at="2023-02-17T14:47:49 IST" duration-ms="180" status="PASS">
          <reporter-output>
          </reporter-output>
        </test-method> <!-- amConfig -->
        <test-method is-config="true" signature="acConfig()[pri:0, instance:lead_module_Test.CreateLeadTest@2eae8e6e]" started-at="2023-02-17T14:47:49 IST" name="acConfig" finished-at="2023-02-17T14:47:50 IST" duration-ms="468" status="PASS">
          <reporter-output>
          </reporter-output>
        </test-method> <!-- acConfig -->
        <test-method is-config="true" signature="asConfig()[pri:0, instance:lead_module_Test.CreateLeadTest@2eae8e6e]" started-at="2023-02-17T14:48:11 IST" name="asConfig" finished-at="2023-02-17T14:48:11 IST" duration-ms="12" status="PASS">
          <reporter-output>
          </reporter-output>
        </test-method> <!-- asConfig -->
      </class> <!-- lead_module_Test.CreateLeadTest -->
    </test> <!-- Test -->
  </suite> <!-- Suite -->
</testng-results>
