<?xml version="1.0" encoding="UTF-8"?>
<!-- Generated by org.testng.reporters.JUnitXMLReporter -->
<testsuite ignored="2" hostname="TYC1121225" failures="0" tests="2" name="Test" time="36.832" errors="0" timestamp="2023-02-17T14:48:11 IST">
  <testcase classname="lead_module_Test.CreateLeadTest" name="toCreateALeadAndToVerifyTheLead" time="9.189"/>
  <testcase classname="products_module_Test.CreateProductByVendorDetailsTest" name="createProductByVendorDetailsTest" time="16.439"/>
  <testcase classname="vitiger.genericUtility.BaseClass" name="@AfterSuite asConfig" time="0.0">
    <ignored/>
  </testcase> <!-- @AfterSuite asConfig -->
  <testcase classname="vitiger.genericUtility.BaseClass" name="@BeforeSuite bsConfig" time="0.0">
    <ignored/>
  </testcase> <!-- @BeforeSuite bsConfig -->
</testsuite> <!-- Test -->
